<?xml version="1.0" encoding="UTF-8"?>
<!-- Generated by org.testng.reporters.JUnitReportReporter -->
<testsuite hostname="DESKTOP-T69C87J" failures="0" tests="1" name="test.LoginTest" time="13.753" errors="0" timestamp="2023-07-27T17:07:13 IST" skipped="0">
  <testcase classname="test.LoginTest" name="verifyLogin" time="13.753"/>
  <system-out/>
</testsuite> <!-- test.LoginTest -->
