<?xml version="1.0" encoding="UTF-8"?>
<!-- Generated by org.testng.reporters.JUnitReportReporter -->
<testsuite hostname="DESKTOP-T69C87J" failures="0" tests="1" name="com.obsqura.test.ProjectTest" time="14.549" errors="0" timestamp="2023-07-31T17:10:19 IST" skipped="0">
  <testcase classname="com.obsqura.test.ProjectTest" name="verifyEditProject" time="14.549"/>
  <system-out/>
</testsuite> <!-- com.obsqura.test.ProjectTest -->
