<?xml version="1.0" encoding="UTF-8"?>
<!-- Generated by org.testng.reporters.JUnitReportReporter -->
<testsuite hostname="DESKTOP-T69C87J" failures="0" tests="1" name="com.obsqura.test.ClientTest" time="10.408" errors="0" timestamp="2023-07-31T17:44:33 IST" skipped="0">
  <testcase classname="com.obsqura.test.ClientTest" name="verifySortByCompanyName" time="10.408"/>
  <system-out/>
</testsuite> <!-- com.obsqura.test.ClientTest -->
