<?xml version="1.0" encoding="UTF-8"?>
<!-- Generated by org.testng.reporters.JUnitReportReporter -->
<testsuite hostname="DESKTOP-T69C87J" failures="0" tests="1" name="test.ClientTest" time="13.937" errors="0" timestamp="2023-08-07T18:50:24 IST" skipped="0">
  <testcase classname="test.ClientTest" name="verifyClientEdit" time="13.937"/>
  <system-out/>
</testsuite> <!-- test.ClientTest -->
