<?xml version="1.0" encoding="UTF-8"?>
<!-- Generated by org.testng.reporters.JUnitReportReporter -->
<testsuite hostname="DESKTOP-T69C87J" failures="0" tests="1" name="test.ProjectTest" time="12.340" errors="0" timestamp="2023-07-26T19:51:56 IST" skipped="0">
  <testcase classname="test.ProjectTest" name="verifyClientSearch" time="12.340"/>
  <system-out/>
</testsuite> <!-- test.ProjectTest -->
