<?xml version="1.0" encoding="UTF-8"?>
<!-- Generated by org.testng.reporters.JUnitReportReporter -->
<testsuite hostname="DESKTOP-T69C87J" failures="0" tests="2" name="com.obsqura.test.LoginTest" time="26.510" errors="0" timestamp="2023-07-31T17:57:13 IST" skipped="0">
  <testcase classname="com.obsqura.test.LoginTest" name="verifyLogin" time="14.368"/>
  <system-out/>
  <testcase classname="com.obsqura.test.LoginTest" name="verifyLogin" time="12.142"/>
  <system-out/>
</testsuite> <!-- com.obsqura.test.LoginTest -->
