<?xml version="1.0" encoding="UTF-8"?>
<!-- Generated by org.testng.reporters.JUnitReportReporter -->
<testsuite hostname="DESKTOP-T69C87J" failures="0" tests="1" name="test.ProjectTest" time="14.578" errors="0" timestamp="2023-08-07T18:22:42 IST" skipped="0">
  <testcase classname="test.ProjectTest" name="verifyDeleteProject" time="14.578"/>
  <system-out/>
</testsuite> <!-- test.ProjectTest -->
